search/build/intermediates/manifest_merge_blame_file/debug/manifest-merger-blame-debug-report.txt
1<?xml version="1.0" encoding="utf-8"?>
2<manifest xmlns:android="http://schemas.android.com/apk/res/android"
3    xmlns:dist="http://schemas.android.com/apk/distribution"
4    featureSplit="search"
5    package="com.aplen.movieaplen"
6    android:versionCode="1"
7    android:versionName="1.0" >
8
9    <uses-sdk android:minSdkVersion="23" />
9-->src/main/AndroidManifest.xml
10
11    <dist:module
11-->src/main/AndroidManifest.xml:5:5-12:19
12        dist:instant="false"
12-->src/main/AndroidManifest.xml:6:9-29
13        dist:title="@string/title_search" >
13-->src/main/AndroidManifest.xml:7:9-42
14        <dist:delivery>
14-->src/main/AndroidManifest.xml:8:9-10:25
15            <dist:install-time />
15-->src/main/AndroidManifest.xml:9:13-34
16        </dist:delivery>
17
18        <dist:fusing dist:include="true" />
18-->src/main/AndroidManifest.xml:11:9-44
18-->src/main/AndroidManifest.xml:11:22-41
19    </dist:module>
20
21    <application android:extractNativeLibs="false" />
22
23</manifest>